<?xml version="1.0" encoding="UTF-8"?>
<testsuite name="mpp.linkedlistset.LinkedListSetTest" tests="2" skipped="0" failures="0" errors="0" timestamp="2023-01-19T21:57:34" hostname="masha-Lenovo-ideapad-530S-15IKB" time="243.487">
  <properties/>
  <testcase name="stressTest" classname="mpp.linkedlistset.LinkedListSetTest" time="53.14"/>
  <testcase name="modelCheckingTest" classname="mpp.linkedlistset.LinkedListSetTest" time="190.343"/>
  <system-out><![CDATA[]]></system-out>
  <system-err><![CDATA[]]></system-err>
</testsuite>
