<?xml version="1.0" encoding="UTF-8"?>
<testsuite name="StressTest" tests="1" skipped="0" failures="0" errors="0" timestamp="2023-01-19T04:40:51" hostname="masha-Lenovo-ideapad-530S-15IKB" time="3.007">
  <properties/>
  <testcase name="testStress" classname="StressTest" time="3.007"/>
  <system-out><![CDATA[1: Working 167943
2: Working 364833
3: Working 570906
]]></system-out>
  <system-err><![CDATA[]]></system-err>
</testsuite>
