<?xml version="1.0" encoding="UTF-8"?>
<testsuite name="CodeTest" tests="1" skipped="0" failures="0" errors="0" timestamp="2023-01-19T04:40:54" hostname="masha-Lenovo-ideapad-530S-15IKB" time="0.0">
  <properties/>
  <testcase name="testSolutionClass" classname="CodeTest" time="0.0"/>
  <system-out><![CDATA[]]></system-out>
  <system-err><![CDATA[]]></system-err>
</testsuite>
