<?xml version="1.0" encoding="UTF-8"?>
<testsuite name="CorrectnessTest" tests="2" skipped="0" failures="0" errors="0" timestamp="2023-01-19T04:40:51" hostname="masha-Lenovo-ideapad-530S-15IKB" time="0.062">
  <properties/>
  <testcase name="testSpuriousWakeup" classname="CorrectnessTest" time="0.058"/>
  <testcase name="testFCFS" classname="CorrectnessTest" time="0.003"/>
  <system-out><![CDATA[]]></system-out>
  <system-err><![CDATA[]]></system-err>
</testsuite>
