<?xml version="1.0" encoding="UTF-8"?>
<testsuite name="mpp.faaqueue.FAAQueueTest" tests="2" skipped="0" failures="0" errors="0" timestamp="2023-01-18T20:07:21" hostname="masha-Lenovo-ideapad-530S-15IKB" time="233.789">
  <properties/>
  <testcase name="stressTest" classname="mpp.faaqueue.FAAQueueTest" time="118.562"/>
  <testcase name="modelCheckingTest" classname="mpp.faaqueue.FAAQueueTest" time="115.227"/>
  <system-out><![CDATA[]]></system-out>
  <system-err><![CDATA[]]></system-err>
</testsuite>
