<?xml version="1.0" encoding="UTF-8"?>
<testsuite name="mpp.counter.ShardedCounterTest" tests="2" skipped="0" failures="0" errors="0" timestamp="2022-12-30T12:59:53" hostname="masha-Lenovo-ideapad-530S-15IKB" time="69.996">
  <properties/>
  <testcase name="stressTest" classname="mpp.counter.ShardedCounterTest" time="48.1"/>
  <testcase name="modelCheckingTest" classname="mpp.counter.ShardedCounterTest" time="21.895"/>
  <system-out><![CDATA[]]></system-out>
  <system-err><![CDATA[]]></system-err>
</testsuite>
