<?xml version="1.0" encoding="UTF-8"?>
<testsuite name="SynchronousQueueTest" tests="2" skipped="0" failures="0" errors="0" timestamp="2023-01-19T01:56:29" hostname="masha-Lenovo-ideapad-530S-15IKB" time="234.656">
  <properties/>
  <testcase name="stressTest" classname="SynchronousQueueTest" time="60.165"/>
  <testcase name="modelCheckingTest" classname="SynchronousQueueTest" time="174.49"/>
  <system-out><![CDATA[]]></system-out>
  <system-err><![CDATA[]]></system-err>
</testsuite>
