<?xml version="1.0" encoding="UTF-8"?>
<testsuite name="AtomicArrayTest" tests="2" skipped="0" failures="0" errors="0" timestamp="2023-01-21T09:09:30" hostname="masha-Lenovo-ideapad-530S-15IKB" time="52.422">
  <properties/>
  <testcase name="stressTest" classname="AtomicArrayTest" time="13.908"/>
  <testcase name="modelCheckingTest" classname="AtomicArrayTest" time="38.514"/>
  <system-out><![CDATA[]]></system-out>
  <system-err><![CDATA[]]></system-err>
</testsuite>
