<?xml version="1.0" encoding="UTF-8"?>
<testsuite name="mpp.msqueue.MSQueueTest" tests="2" skipped="0" failures="0" errors="0" timestamp="2022-12-30T12:42:20" hostname="masha-Lenovo-ideapad-530S-15IKB" time="246.098">
  <properties/>
  <testcase name="stressTest" classname="mpp.msqueue.MSQueueTest" time="140.842"/>
  <testcase name="modelCheckingTest" classname="mpp.msqueue.MSQueueTest" time="105.256"/>
  <system-out><![CDATA[]]></system-out>
  <system-err><![CDATA[]]></system-err>
</testsuite>
